e:\code\github\winproject\autoprint\crawldoc\crawldoc\debug\vc141.pdb
e:\code\github\winproject\autoprint\crawldoc\crawldoc\debug\.netframework,version=v4.0.assemblyattributes.obj
e:\code\github\winproject\autoprint\crawldoc\crawldoc\debug\.netframework,version=v4.0.assemblyattributes.asm
e:\code\github\winproject\autoprint\crawldoc\crawldoc\debug\crawldoc.obj
e:\code\github\winproject\autoprint\crawldoc\crawldoc\debug\access.obj
e:\code\github\winproject\autoprint\crawldoc\crawldoc\debug\crawldoc.pch
e:\code\github\winproject\autoprint\crawldoc\crawldoc\debug\stdafx.obj
e:\code\github\winproject\autoprint\crawldoc\crawldoc\debug\printer.obj
e:\code\github\winproject\autoprint\crawldoc\debug\crawldoc.exe
e:\code\github\winproject\autoprint\crawldoc\debug\crawldoc.pdb
e:\code\github\winproject\autoprint\crawldoc\crawldoc\debug\crawldoc.tlog\metagen.write.1.tlog
e:\code\github\winproject\autoprint\crawldoc\crawldoc\debug\crawldoc.vcxprojresolveassemblyreference.cache
e:\code\github\winproject\autoprint\crawldoc\crawldoc\debug\crawldoc.tlog\cl.command.1.tlog
e:\code\github\winproject\autoprint\crawldoc\crawldoc\debug\crawldoc.tlog\cl.read.1.tlog
e:\code\github\winproject\autoprint\crawldoc\crawldoc\debug\crawldoc.tlog\cl.write.1.tlog
e:\code\github\winproject\autoprint\crawldoc\crawldoc\debug\crawldoc.tlog\link.command.1.tlog
e:\code\github\winproject\autoprint\crawldoc\crawldoc\debug\crawldoc.tlog\link.read.1.tlog
e:\code\github\winproject\autoprint\crawldoc\crawldoc\debug\crawldoc.tlog\link.write.1.tlog
e:\code\github\winproject\autoprint\crawldoc\crawldoc\debug\crawldoc.tlog\metagen.read.1.tlog
e:\code\github\winproject\autoprint\crawldoc\crawldoc\debug\crawldoc.tlog\sendtoprinter.dll.metagen
e:\code\github\winproject\autoprint\crawldoc\crawldoc\debug\crawldoc.tlog\tzres.dll.bi
