e:\code\github\winproject\autoprint\crawldoc\crawldoc\release\vc141.pdb
e:\code\github\winproject\autoprint\crawldoc\crawldoc\release\access.obj
e:\code\github\winproject\autoprint\crawldoc\crawldoc\release\.netframework,version=v4.0.assemblyattributes.obj
e:\code\github\winproject\autoprint\crawldoc\crawldoc\release\.netframework,version=v4.0.assemblyattributes.asm
e:\code\github\winproject\autoprint\crawldoc\crawldoc\release\crawldoc.obj
e:\code\github\winproject\autoprint\crawldoc\crawldoc\release\printer.obj
e:\code\github\winproject\autoprint\crawldoc\crawldoc\release\crawldoc.pch
e:\code\github\winproject\autoprint\crawldoc\crawldoc\release\stdafx.obj
e:\code\github\winproject\autoprint\crawldoc\release\crawldoc.exe
e:\code\github\winproject\autoprint\crawldoc\release\crawldoc.pdb
e:\code\github\winproject\autoprint\crawldoc\crawldoc\release\crawldoc.tlog\metagen.write.1.tlog
e:\code\github\winproject\autoprint\crawldoc\crawldoc\release\crawldoc.vcxprojresolveassemblyreference.cache
e:\code\github\winproject\autoprint\crawldoc\crawldoc\release\crawldoc.tlog\cl.command.1.tlog
e:\code\github\winproject\autoprint\crawldoc\crawldoc\release\crawldoc.tlog\cl.read.1.tlog
e:\code\github\winproject\autoprint\crawldoc\crawldoc\release\crawldoc.tlog\cl.write.1.tlog
e:\code\github\winproject\autoprint\crawldoc\crawldoc\release\crawldoc.tlog\link.command.1.tlog
e:\code\github\winproject\autoprint\crawldoc\crawldoc\release\crawldoc.tlog\link.read.1.tlog
e:\code\github\winproject\autoprint\crawldoc\crawldoc\release\crawldoc.tlog\link.write.1.tlog
e:\code\github\winproject\autoprint\crawldoc\crawldoc\release\crawldoc.tlog\metagen.read.1.tlog
e:\code\github\winproject\autoprint\crawldoc\crawldoc\release\crawldoc.tlog\sendtoprinter.dll.metagen
e:\code\github\winproject\autoprint\crawldoc\crawldoc\release\crawldoc.tlog\tzres.dll.bi
